<?xml version="1.0" encoding="UTF-8"?>
<!-- Generated by org.testng.reporters.JUnitReportReporter -->
<testsuite hostname="sabarisha" failures="0" tests="1" name="script.DemoTest" time="5.699" errors="0" timestamp="2023-09-11T21:12:25 IST" skipped="0">
  <testcase classname="script.DemoTest" name="testA" time="5.699">
    <system-out>
      <![CDATA[Google]]>
    </system-out>
  </testcase> <!-- testA -->
  <system-out>
    <![CDATA[Google
Google]]>
  </system-out>
</testsuite> <!-- script.DemoTest -->
