<?xml version="1.0" encoding="UTF-8"?>
<!-- Generated by org.testng.reporters.JUnitReportReporter -->
<testsuite hostname="sabarisha" failures="0" tests="1" name="script.DemoTest2" time="4.206" errors="0" timestamp="2023-09-11T21:12:25 IST" skipped="0">
  <testcase classname="script.DemoTest2" name="testA" time="4.206">
    <system-out>
      <![CDATA[Google]]>
    </system-out>
  </testcase> <!-- testA -->
  <system-out>
    <![CDATA[Google
Google]]>
  </system-out>
</testsuite> <!-- script.DemoTest2 -->
